<?xml version="1.0" encoding="UTF-8"?>
<testng-results ignored="0" total="1" passed="1" failed="0" skipped="0">
  <reporter-output>
  </reporter-output>
  <suite started-at="2021-08-08T14:09:08 EDT" name="Default suite" finished-at="2021-08-08T14:09:15 EDT" duration-ms="6374">
    <groups>
    </groups>
    <test started-at="2021-08-08T14:09:08 EDT" name="Default test" finished-at="2021-08-08T14:09:15 EDT" duration-ms="6374">
      <class name="TestMethod.WindowsHandle">
        <test-method is-config="true" signature="setup()[pri:0, instance:TestMethod.WindowsHandle@43195e57]" started-at="2021-08-08T14:09:08 EDT" name="setup" finished-at="2021-08-08T14:09:10 EDT" duration-ms="1650" status="PASS">
          <reporter-output>
          </reporter-output>
        </test-method> <!-- setup -->
        <test-method signature="frame()[pri:0, instance:TestMethod.WindowsHandle@43195e57]" started-at="2021-08-08T14:09:10 EDT" name="frame" finished-at="2021-08-08T14:09:15 EDT" duration-ms="4688" status="PASS">
          <reporter-output>
          </reporter-output>
        </test-method> <!-- frame -->
      </class> <!-- TestMethod.WindowsHandle -->
    </test> <!-- Default test -->
  </suite> <!-- Default suite -->
</testng-results>
